<?xml version="1.0" encoding="UTF-8"?>
<testng-results ignored="0" total="1" passed="1" failed="0" skipped="0">
  <reporter-output>
  </reporter-output>
  <suite started-at="2024-11-28T02:33:03 IST" name="Default suite" finished-at="2024-11-28T02:33:08 IST" duration-ms="5446">
    <groups>
    </groups>
    <test started-at="2024-11-28T02:33:03 IST" name="Default test" finished-at="2024-11-28T02:33:08 IST" duration-ms="5446">
      <class name="TestNg.WindowHandlePgm">
        <test-method is-config="true" signature="setUP()[pri:0, instance:TestNg.WindowHandlePgm@46cdf8bd]" started-at="2024-11-28T02:33:03 IST" name="setUP" finished-at="2024-11-28T02:33:07 IST" duration-ms="4318" status="PASS">
          <reporter-output>
          </reporter-output>
        </test-method> <!-- setUP -->
        <test-method signature="windowHandle()[pri:0, instance:TestNg.WindowHandlePgm@46cdf8bd]" started-at="2024-11-28T02:33:07 IST" name="windowHandle" finished-at="2024-11-28T02:33:08 IST" duration-ms="1082" status="PASS">
          <reporter-output>
          </reporter-output>
        </test-method> <!-- windowHandle -->
      </class> <!-- TestNg.WindowHandlePgm -->
    </test> <!-- Default test -->
  </suite> <!-- Default suite -->
</testng-results>
